--------------------------------------------------------------------------------
Release 14.7 Trace  (nt64)
Copyright (c) 1995-2013 Xilinx, Inc.  All rights reserved.

C:\Xilinx\14.7\ISE_DS\ISE\bin\nt64\unwrapped\trce.exe -intstyle ise -v 3 -s 4
-n 3 -fastpaths -xml Traffic.twx Traffic.ncd -o Traffic.twr Traffic.pcf -ucf
Traffic.ucf

Design file:              Traffic.ncd
Physical constraint file: Traffic.pcf
Device,package,speed:     xc3s100e,cp132,-4 (PRODUCTION 1.27 2013-10-13)
Report level:             verbose report

Environment Variable      Effect 
--------------------      ------ 
NONE                      No environment variables were set
--------------------------------------------------------------------------------

INFO:Timing:2698 - No timing constraints found, doing default enumeration.
INFO:Timing:3412 - To improve timing, see the Timing Closure User Guide (UG612).
INFO:Timing:2752 - To get complete path coverage, use the unconstrained paths 
   option. All paths that are not constrained will be reported in the 
   unconstrained paths section(s) of the report.
INFO:Timing:3339 - The clock-to-out numbers in this timing report are based on 
   a 50 Ohm transmission line loading model.  For the details of this model, 
   and for more information on accounting for different loading conditions, 
   please see the device datasheet.
INFO:Timing:3390 - This architecture does not support a default System Jitter 
   value, please add SYSTEM_JITTER constraint to the UCF to modify the Clock 
   Uncertainty calculation.
INFO:Timing:3389 - This architecture does not support 'Discrete Jitter' and 
   'Phase Error' calculations, these terms will be zero in the Clock 
   Uncertainty calculation.  Please make appropriate modification to 
   SYSTEM_JITTER to account for the unsupported Discrete Jitter and Phase 
   Error.



Data Sheet report:
-----------------
All values displayed in nanoseconds (ns)

Setup/Hold to clock clk
------------+------------+------------+------------------+--------+
            |Max Setup to|Max Hold to |                  | Clock  |
Source      | clk (edge) | clk (edge) |Internal Clock(s) | Phase  |
------------+------------+------------+------------------+--------+
green       |    2.479(R)|    0.133(R)|clk_BUFGP         |   0.000|
online      |    3.021(R)|   -1.014(R)|clk_BUFGP         |   0.000|
red         |    2.042(R)|    0.365(R)|clk_BUFGP         |   0.000|
yellow      |    2.631(R)|   -0.702(R)|clk_BUFGP         |   0.000|
------------+------------+------------+------------------+--------+

Setup/Hold to clock set
------------+------------+------------+---------------------------+--------+
            |Max Setup to|Max Hold to |                           | Clock  |
Source      | clk (edge) | clk (edge) |Internal Clock(s)          | Phase  |
------------+------------+------------+---------------------------+--------+
Cc          |   -2.197(F)|    5.128(F)|controller/isWorking_or0000|   0.000|
Cm          |    0.305(F)|    3.090(F)|controller/isWorking_or0000|   0.000|
online      |   -1.523(F)|    4.697(F)|controller/isWorking_or0000|   0.000|
rst         |   -1.452(F)|    4.303(F)|controller/isWorking_or0000|   0.000|
------------+------------+------------+---------------------------+--------+

Clock clk to Pad
------------+------------+------------------+--------+
            | clk (edge) |                  | Clock  |
Destination |   to PAD   |Internal Clock(s) | Phase  |
------------+------------+------------------+--------+
CG          |   10.874(R)|clk_BUFGP         |   0.000|
CR          |   11.001(R)|clk_BUFGP         |   0.000|
CY          |   11.770(R)|clk_BUFGP         |   0.000|
MG          |   11.675(R)|clk_BUFGP         |   0.000|
MR          |   11.963(R)|clk_BUFGP         |   0.000|
MY          |   11.024(R)|clk_BUFGP         |   0.000|
------------+------------+------------------+--------+

Clock set to Pad
------------+------------+---------------------------+--------+
            | clk (edge) |                           | Clock  |
Destination |   to PAD   |Internal Clock(s)          | Phase  |
------------+------------+---------------------------+--------+
CG          |   22.762(F)|controller/isWorking_or0000|   0.000|
CR          |   22.882(F)|controller/isWorking_or0000|   0.000|
CY          |   23.469(F)|controller/isWorking_or0000|   0.000|
MG          |   23.556(F)|controller/isWorking_or0000|   0.000|
MR          |   23.851(F)|controller/isWorking_or0000|   0.000|
MY          |   22.723(F)|controller/isWorking_or0000|   0.000|
oSeg<0>     |   25.462(F)|controller/isWorking_or0000|   0.000|
oSeg<1>     |   24.235(F)|controller/isWorking_or0000|   0.000|
oSeg<2>     |   23.943(F)|controller/isWorking_or0000|   0.000|
oSeg<3>     |   25.563(F)|controller/isWorking_or0000|   0.000|
oSeg<4>     |   23.308(F)|controller/isWorking_or0000|   0.000|
oSeg<5>     |   23.295(F)|controller/isWorking_or0000|   0.000|
oSeg<6>     |   23.562(F)|controller/isWorking_or0000|   0.000|
------------+------------+---------------------------+--------+

Clock to Setup on destination clock clk
---------------+---------+---------+---------+---------+
               | Src:Rise| Src:Fall| Src:Rise| Src:Fall|
Source Clock   |Dest:Rise|Dest:Rise|Dest:Fall|Dest:Fall|
---------------+---------+---------+---------+---------+
clk            |    5.245|         |         |         |
set            |         |   12.775|         |         |
---------------+---------+---------+---------+---------+

Pad to Pad
---------------+---------------+---------+
Source Pad     |Destination Pad|  Delay  |
---------------+---------------+---------+
Cc             |oSeg<0>        |   10.597|
Cc             |oSeg<3>        |   10.698|
Cc             |oSeg<4>        |    8.231|
Cc             |oSeg<5>        |    9.018|
Cm             |oSeg<0>        |   10.965|
Cm             |oSeg<3>        |   11.066|
Cm             |oSeg<4>        |    8.539|
Cm             |oSeg<5>        |    9.386|
online         |onlineLight    |    6.944|
set            |setLight       |    6.774|
---------------+---------------+---------+


Analysis completed Thu May 26 18:37:30 2022 
--------------------------------------------------------------------------------

Trace Settings:
-------------------------
Trace Settings 

Peak Memory Usage: 4505 MB



